<?xml version="1.0" encoding="UTF-8"?>
<testsuite name="com.orderhistoryservice.OrderHistoryServiceApplicationTests" tests="1" skipped="0" failures="0" errors="0" timestamp="2016-04-13T19:53:10" hostname="janellecw7x7440.us.corp" time="0.001">
  <properties/>
  <testcase name="contextLoads" classname="com.orderhistoryservice.OrderHistoryServiceApplicationTests" time="0.001"/>
  <system-out><![CDATA[15:53:08.065 [Test worker] DEBUG o.s.t.c.j.SpringJUnit4ClassRunner - SpringJUnit4ClassRunner constructor called with [class com.orderhistoryservice.OrderHistoryServiceApplicationTests]
15:53:08.070 [Test worker] DEBUG o.s.test.context.BootstrapUtils - Instantiating CacheAwareContextLoaderDelegate from class [org.springframework.test.context.cache.DefaultCacheAwareContextLoaderDelegate]
15:53:08.074 [Test worker] DEBUG o.s.test.context.BootstrapUtils - Instantiating BootstrapContext using constructor [public org.springframework.test.context.support.DefaultBootstrapContext(java.lang.Class,org.springframework.test.context.CacheAwareContextLoaderDelegate)]
15:53:08.083 [Test worker] DEBUG o.s.test.context.BootstrapUtils - Instantiating TestContextBootstrapper for test class [com.orderhistoryservice.OrderHistoryServiceApplicationTests] from class [org.springframework.test.context.support.DefaultTestContextBootstrapper]
15:53:08.103 [Test worker] DEBUG o.s.t.c.s.DefaultTestContextBootstrapper - Found explicit ContextLoader class [org.springframework.boot.test.SpringApplicationContextLoader] for context configuration attributes [ContextConfigurationAttributes@73a5de45 declaringClass = 'com.orderhistoryservice.OrderHistoryServiceApplicationTests', classes = '{class com.orderhistoryservice.OrderHistoryServiceApplication}', locations = '{}', inheritLocations = true, initializers = '{}', inheritInitializers = true, name = [null], contextLoaderClass = 'org.springframework.boot.test.SpringApplicationContextLoader']
15:53:08.110 [Test worker] DEBUG o.s.t.c.s.AbstractContextLoader - Did not detect default resource location for test class [com.orderhistoryservice.OrderHistoryServiceApplicationTests]: class path resource [com/orderhistoryservice/OrderHistoryServiceApplicationTests-context.xml] does not exist
15:53:08.111 [Test worker] DEBUG o.s.t.c.s.AbstractContextLoader - Did not detect default resource location for test class [com.orderhistoryservice.OrderHistoryServiceApplicationTests]: class path resource [com/orderhistoryservice/OrderHistoryServiceApplicationTestsContext.groovy] does not exist
15:53:08.111 [Test worker] INFO  o.s.t.c.s.AbstractContextLoader - Could not detect default resource locations for test class [com.orderhistoryservice.OrderHistoryServiceApplicationTests]: no resource found for suffixes {-context.xml, Context.groovy}.
15:53:08.113 [Test worker] DEBUG o.s.t.c.support.ActiveProfilesUtils - Could not find an 'annotation declaring class' for annotation type [org.springframework.test.context.ActiveProfiles] and class [com.orderhistoryservice.OrderHistoryServiceApplicationTests]
15:53:08.118 [Test worker] DEBUG o.s.t.c.s.DefaultTestContextBootstrapper - @TestExecutionListeners is not present for class [com.orderhistoryservice.OrderHistoryServiceApplicationTests]: using defaults.
15:53:08.127 [Test worker] INFO  o.s.t.c.s.DefaultTestContextBootstrapper - Loaded default TestExecutionListener class names from location [META-INF/spring.factories]: [org.springframework.test.context.web.ServletTestExecutionListener, org.springframework.test.context.support.DirtiesContextBeforeModesTestExecutionListener, org.springframework.test.context.support.DependencyInjectionTestExecutionListener, org.springframework.test.context.support.DirtiesContextTestExecutionListener, org.springframework.test.context.transaction.TransactionalTestExecutionListener, org.springframework.test.context.jdbc.SqlScriptsTestExecutionListener]
15:53:08.132 [Test worker] INFO  o.s.t.c.s.DefaultTestContextBootstrapper - Could not instantiate TestExecutionListener [org.springframework.test.context.transaction.TransactionalTestExecutionListener]. Specify custom listener classes or make the default listener classes (and their required dependencies) available. Offending class: [org/springframework/transaction/interceptor/TransactionAttributeSource]
15:53:08.136 [Test worker] INFO  o.s.t.c.s.DefaultTestContextBootstrapper - Could not instantiate TestExecutionListener [org.springframework.test.context.jdbc.SqlScriptsTestExecutionListener]. Specify custom listener classes or make the default listener classes (and their required dependencies) available. Offending class: [org/springframework/transaction/interceptor/TransactionAttribute]
15:53:08.137 [Test worker] INFO  o.s.t.c.s.DefaultTestContextBootstrapper - Using TestExecutionListeners: [org.springframework.test.context.web.ServletTestExecutionListener@364b257c, org.springframework.test.context.support.DirtiesContextBeforeModesTestExecutionListener@2405578e, org.springframework.test.context.support.DependencyInjectionTestExecutionListener@764ae3e4, org.springframework.test.context.support.DirtiesContextTestExecutionListener@6f7869b4]
15:53:08.139 [Test worker] DEBUG o.s.t.annotation.ProfileValueUtils - Retrieved @ProfileValueSourceConfiguration [null] for test class [com.orderhistoryservice.OrderHistoryServiceApplicationTests]
15:53:08.140 [Test worker] DEBUG o.s.t.annotation.ProfileValueUtils - Retrieved ProfileValueSource type [class org.springframework.test.annotation.SystemProfileValueSource] for class [com.orderhistoryservice.OrderHistoryServiceApplicationTests]
15:53:08.141 [Test worker] DEBUG o.s.t.annotation.ProfileValueUtils - Retrieved @ProfileValueSourceConfiguration [null] for test class [com.orderhistoryservice.OrderHistoryServiceApplicationTests]
15:53:08.141 [Test worker] DEBUG o.s.t.annotation.ProfileValueUtils - Retrieved ProfileValueSource type [class org.springframework.test.annotation.SystemProfileValueSource] for class [com.orderhistoryservice.OrderHistoryServiceApplicationTests]
15:53:08.144 [Test worker] DEBUG o.s.t.c.s.AbstractDirtiesContextTestExecutionListener - Before test class: context [DefaultTestContext@30eea346 testClass = OrderHistoryServiceApplicationTests, testInstance = [null], testMethod = [null], testException = [null], mergedContextConfiguration = [MergedContextConfiguration@2605f203 testClass = OrderHistoryServiceApplicationTests, locations = '{}', classes = '{class com.orderhistoryservice.OrderHistoryServiceApplication}', contextInitializerClasses = '[]', activeProfiles = '{}', propertySourceLocations = '{}', propertySourceProperties = '{}', contextLoader = 'org.springframework.boot.test.SpringApplicationContextLoader', parent = [null]]], class annotated with @DirtiesContext [false] with mode [null].
15:53:08.144 [Test worker] DEBUG o.s.t.annotation.ProfileValueUtils - Retrieved @ProfileValueSourceConfiguration [null] for test class [com.orderhistoryservice.OrderHistoryServiceApplicationTests]
15:53:08.144 [Test worker] DEBUG o.s.t.annotation.ProfileValueUtils - Retrieved ProfileValueSource type [class org.springframework.test.annotation.SystemProfileValueSource] for class [com.orderhistoryservice.OrderHistoryServiceApplicationTests]
15:53:08.146 [Test worker] DEBUG o.s.t.c.s.DependencyInjectionTestExecutionListener - Performing dependency injection for test context [[DefaultTestContext@30eea346 testClass = OrderHistoryServiceApplicationTests, testInstance = com.orderhistoryservice.OrderHistoryServiceApplicationTests@678f9ef7, testMethod = [null], testException = [null], mergedContextConfiguration = [MergedContextConfiguration@2605f203 testClass = OrderHistoryServiceApplicationTests, locations = '{}', classes = '{class com.orderhistoryservice.OrderHistoryServiceApplication}', contextInitializerClasses = '[]', activeProfiles = '{}', propertySourceLocations = '{}', propertySourceProperties = '{}', contextLoader = 'org.springframework.boot.test.SpringApplicationContextLoader', parent = [null]]]].
15:53:08.202 [Test worker] DEBUG o.s.core.env.StandardEnvironment - Adding [systemProperties] PropertySource with lowest search precedence
15:53:08.203 [Test worker] DEBUG o.s.core.env.StandardEnvironment - Adding [systemEnvironment] PropertySource with lowest search precedence
15:53:08.203 [Test worker] DEBUG o.s.core.env.StandardEnvironment - Initialized StandardEnvironment with PropertySources [systemProperties,systemEnvironment]
15:53:08.205 [Test worker] DEBUG o.s.core.env.StandardEnvironment - Adding [integrationTest] PropertySource with search precedence immediately lower than [systemEnvironment]

  .   ____          _            __ _ _
 /\\ / ___'_ __ _ _(_)_ __  __ _ \ \ \ \
( ( )\___ | '_ | '_| | '_ \/ _` | \ \ \ \
 \\/  ___)| |_)| | | | | || (_| |  ) ) ) )
  '  |____| .__|_| |_|_| |_\__, | / / / /
 =========|_|==============|___/=/_/_/_/
 :: Spring Boot ::        (v1.3.3.RELEASE)

2016-04-13 15:53:08.498  INFO 91948 --- [    Test worker] c.o.OrderHistoryServiceApplicationTests  : Starting OrderHistoryServiceApplicationTests on janellecw7x7440.us.corp with PID 91948 (/Users/luisn/ultimate/order-history-service/build/classes/test started by luisn in /Users/luisn/ultimate/order-history-service)
2016-04-13 15:53:08.499  INFO 91948 --- [    Test worker] c.o.OrderHistoryServiceApplicationTests  : No active profile set, falling back to default profiles: default
2016-04-13 15:53:08.558  INFO 91948 --- [    Test worker] s.c.a.AnnotationConfigApplicationContext : Refreshing org.springframework.context.annotation.AnnotationConfigApplicationContext@293200af: startup date [Wed Apr 13 15:53:08 EDT 2016]; root of context hierarchy
2016-04-13 15:53:10.249  INFO 91948 --- [    Test worker] org.eclipse.jetty.util.log               : Logging initialized @2960ms
2016-04-13 15:53:10.354  INFO 91948 --- [    Test worker] c.o.OrderHistoryServiceApplicationTests  : Started OrderHistoryServiceApplicationTests in 2.148 seconds (JVM running for 3.067)
]]></system-out>
  <system-err><![CDATA[]]></system-err>
</testsuite>
